Determining if the pthread_create exist failed with the following output:
Change Dir: /home/peter/Desktop/tello_driver/build/teleop_twist_keyboard/CMakeFiles/CMakeTmp

Run Build Command:"/usr/bin/make" "cmTC_aeb77/fast"
/usr/bin/make -f CMakeFiles/cmTC_aeb77.dir/build.make CMakeFiles/cmTC_aeb77.dir/build
make[1]: Entering directory '/home/peter/Desktop/tello_driver/build/teleop_twist_keyboard/CMakeFiles/CMakeTmp'
Building C object CMakeFiles/cmTC_aeb77.dir/CheckSymbolExists.c.o
/usr/bin/cc    -o CMakeFiles/cmTC_aeb77.dir/CheckSymbolExists.c.o   -c /home/peter/Desktop/tello_driver/build/teleop_twist_keyboard/CMakeFiles/CMakeTmp/CheckSymbolExists.c
Linking C executable cmTC_aeb77
/usr/bin/cmake -E cmake_link_script CMakeFiles/cmTC_aeb77.dir/link.txt --verbose=1
/usr/bin/cc      -rdynamic CMakeFiles/cmTC_aeb77.dir/CheckSymbolExists.c.o  -o cmTC_aeb77 
CMakeFiles/cmTC_aeb77.dir/CheckSymbolExists.c.o: In function `main':
CheckSymbolExists.c:(.text+0x1b): undefined reference to `pthread_create'
collect2: error: ld returned 1 exit status
CMakeFiles/cmTC_aeb77.dir/build.make:97: recipe for target 'cmTC_aeb77' failed
make[1]: *** [cmTC_aeb77] Error 1
make[1]: Leaving directory '/home/peter/Desktop/tello_driver/build/teleop_twist_keyboard/CMakeFiles/CMakeTmp'
Makefile:126: recipe for target 'cmTC_aeb77/fast' failed
make: *** [cmTC_aeb77/fast] Error 2

File /home/peter/Desktop/tello_driver/build/teleop_twist_keyboard/CMakeFiles/CMakeTmp/CheckSymbolExists.c:
/* */
#include <pthread.h>

int main(int argc, char** argv)
{
  (void)argv;
#ifndef pthread_create
  return ((int*)(&pthread_create))[argc];
#else
  (void)argc;
  return 0;
#endif
}

Determining if the function pthread_create exists in the pthreads failed with the following output:
Change Dir: /home/peter/Desktop/tello_driver/build/teleop_twist_keyboard/CMakeFiles/CMakeTmp

Run Build Command:"/usr/bin/make" "cmTC_aa2b1/fast"
/usr/bin/make -f CMakeFiles/cmTC_aa2b1.dir/build.make CMakeFiles/cmTC_aa2b1.dir/build
make[1]: Entering directory '/home/peter/Desktop/tello_driver/build/teleop_twist_keyboard/CMakeFiles/CMakeTmp'
Building C object CMakeFiles/cmTC_aa2b1.dir/CheckFunctionExists.c.o
/usr/bin/cc   -DCHECK_FUNCTION_EXISTS=pthread_create   -o CMakeFiles/cmTC_aa2b1.dir/CheckFunctionExists.c.o   -c /usr/share/cmake-3.10/Modules/CheckFunctionExists.c
Linking C executable cmTC_aa2b1
/usr/bin/cmake -E cmake_link_script CMakeFiles/cmTC_aa2b1.dir/link.txt --verbose=1
/usr/bin/cc  -DCHECK_FUNCTION_EXISTS=pthread_create    -rdynamic CMakeFiles/cmTC_aa2b1.dir/CheckFunctionExists.c.o  -o cmTC_aa2b1 -lpthreads 
/usr/bin/ld: cannot find -lpthreads
collect2: error: ld returned 1 exit status
CMakeFiles/cmTC_aa2b1.dir/build.make:97: recipe for target 'cmTC_aa2b1' failed
make[1]: *** [cmTC_aa2b1] Error 1
make[1]: Leaving directory '/home/peter/Desktop/tello_driver/build/teleop_twist_keyboard/CMakeFiles/CMakeTmp'
Makefile:126: recipe for target 'cmTC_aa2b1/fast' failed
make: *** [cmTC_aa2b1/fast] Error 2


