Symlinking /home/peter/Desktop/tello_driver/devel/include/tello_driver/MoveUpResponse.h
Symlinking /home/peter/Desktop/tello_driver/devel/include/tello_driver/MoveUpRequest.h
Symlinking /home/peter/Desktop/tello_driver/devel/include/tello_driver/TelloStatus.h
Symlinking /home/peter/Desktop/tello_driver/devel/include/tello_driver/MoveDown.h
Symlinking /home/peter/Desktop/tello_driver/devel/include/tello_driver/TelloConfig.h
Symlinking /home/peter/Desktop/tello_driver/devel/include/tello_driver/MoveUp.h
Symlinking /home/peter/Desktop/tello_driver/devel/include/tello_driver/MoveDownRequest.h
Symlinking /home/peter/Desktop/tello_driver/devel/include/tello_driver/MoveDownResponse.h
Symlinking /home/peter/Desktop/tello_driver/devel/lib/pkgconfig/tello_driver.pc
Symlinking /home/peter/Desktop/tello_driver/devel/lib/python2.7/dist-packages/tellopy/__init__.py
Symlinking /home/peter/Desktop/tello_driver/devel/lib/python2.7/dist-packages/tello_driver/__init__.py
Symlinking /home/peter/Desktop/tello_driver/devel/lib/python2.7/dist-packages/tello_driver/msg/_TelloStatus.py
Symlinking /home/peter/Desktop/tello_driver/devel/lib/python2.7/dist-packages/tello_driver/msg/__init__.py
Symlinking /home/peter/Desktop/tello_driver/devel/lib/python2.7/dist-packages/tello_driver/srv/_MoveDown.py
Symlinking /home/peter/Desktop/tello_driver/devel/lib/python2.7/dist-packages/tello_driver/srv/_MoveUp.py
Symlinking /home/peter/Desktop/tello_driver/devel/lib/python2.7/dist-packages/tello_driver/srv/__init__.py
Symlinking /home/peter/Desktop/tello_driver/devel/lib/python2.7/dist-packages/tello_driver/cfg/__init__.py
Symlinking /home/peter/Desktop/tello_driver/devel/lib/python2.7/dist-packages/tello_driver/cfg/TelloConfig.py
Symlinking /home/peter/Desktop/tello_driver/devel/share/common-lisp/ros/tello_driver/msg/tello_driver-msg.asd
Symlinking /home/peter/Desktop/tello_driver/devel/share/common-lisp/ros/tello_driver/msg/_package.lisp
Symlinking /home/peter/Desktop/tello_driver/devel/share/common-lisp/ros/tello_driver/msg/_package_TelloStatus.lisp
Symlinking /home/peter/Desktop/tello_driver/devel/share/common-lisp/ros/tello_driver/msg/TelloStatus.lisp
Symlinking /home/peter/Desktop/tello_driver/devel/share/common-lisp/ros/tello_driver/srv/_package_MoveDown.lisp
Symlinking /home/peter/Desktop/tello_driver/devel/share/common-lisp/ros/tello_driver/srv/MoveUp.lisp
Symlinking /home/peter/Desktop/tello_driver/devel/share/common-lisp/ros/tello_driver/srv/tello_driver-srv.asd
Symlinking /home/peter/Desktop/tello_driver/devel/share/common-lisp/ros/tello_driver/srv/_package_MoveUp.lisp
Symlinking /home/peter/Desktop/tello_driver/devel/share/common-lisp/ros/tello_driver/srv/_package.lisp
Symlinking /home/peter/Desktop/tello_driver/devel/share/common-lisp/ros/tello_driver/srv/MoveDown.lisp
Symlinking /home/peter/Desktop/tello_driver/devel/share/gennodejs/ros/tello_driver/_index.js
Symlinking /home/peter/Desktop/tello_driver/devel/share/gennodejs/ros/tello_driver/msg/TelloStatus.js
Symlinking /home/peter/Desktop/tello_driver/devel/share/gennodejs/ros/tello_driver/msg/_index.js
Symlinking /home/peter/Desktop/tello_driver/devel/share/gennodejs/ros/tello_driver/srv/MoveDown.js
Symlinking /home/peter/Desktop/tello_driver/devel/share/gennodejs/ros/tello_driver/srv/_index.js
Symlinking /home/peter/Desktop/tello_driver/devel/share/gennodejs/ros/tello_driver/srv/MoveUp.js
Symlinking /home/peter/Desktop/tello_driver/devel/share/tello_driver/cmake/tello_driverConfig-version.cmake
Symlinking /home/peter/Desktop/tello_driver/devel/share/tello_driver/cmake/tello_driver-msg-paths.cmake
Symlinking /home/peter/Desktop/tello_driver/devel/share/tello_driver/cmake/tello_driver-msg-extras.cmake
Symlinking /home/peter/Desktop/tello_driver/devel/share/tello_driver/cmake/tello_driverConfig.cmake
Symlinking /home/peter/Desktop/tello_driver/devel/share/tello_driver/docs/TelloConfig.dox
Symlinking /home/peter/Desktop/tello_driver/devel/share/tello_driver/docs/TelloConfig.wikidoc
Symlinking /home/peter/Desktop/tello_driver/devel/share/tello_driver/docs/TelloConfig-usage.dox
Symlinking /home/peter/Desktop/tello_driver/devel/share/roseus/ros/tello_driver/manifest.l
Symlinking /home/peter/Desktop/tello_driver/devel/share/roseus/ros/tello_driver/msg/TelloStatus.l
Symlinking /home/peter/Desktop/tello_driver/devel/share/roseus/ros/tello_driver/srv/MoveUp.l
Symlinking /home/peter/Desktop/tello_driver/devel/share/roseus/ros/tello_driver/srv/MoveDown.l
