Determining if the pthread_create exist failed with the following output:
Change Dir: /home/peter/Desktop/tello_driver/build/tello_driver/CMakeFiles/CMakeTmp

Run Build Command:"/usr/bin/make" "cmTC_b1db7/fast"
/usr/bin/make -f CMakeFiles/cmTC_b1db7.dir/build.make CMakeFiles/cmTC_b1db7.dir/build
make[1]: Entering directory '/home/peter/Desktop/tello_driver/build/tello_driver/CMakeFiles/CMakeTmp'
Building C object CMakeFiles/cmTC_b1db7.dir/CheckSymbolExists.c.o
/usr/bin/cc    -o CMakeFiles/cmTC_b1db7.dir/CheckSymbolExists.c.o   -c /home/peter/Desktop/tello_driver/build/tello_driver/CMakeFiles/CMakeTmp/CheckSymbolExists.c
Linking C executable cmTC_b1db7
/usr/bin/cmake -E cmake_link_script CMakeFiles/cmTC_b1db7.dir/link.txt --verbose=1
/usr/bin/cc      -rdynamic CMakeFiles/cmTC_b1db7.dir/CheckSymbolExists.c.o  -o cmTC_b1db7 
CMakeFiles/cmTC_b1db7.dir/CheckSymbolExists.c.o: In function `main':
CheckSymbolExists.c:(.text+0x1b): undefined reference to `pthread_create'
collect2: error: ld returned 1 exit status
CMakeFiles/cmTC_b1db7.dir/build.make:97: recipe for target 'cmTC_b1db7' failed
make[1]: *** [cmTC_b1db7] Error 1
make[1]: Leaving directory '/home/peter/Desktop/tello_driver/build/tello_driver/CMakeFiles/CMakeTmp'
Makefile:126: recipe for target 'cmTC_b1db7/fast' failed
make: *** [cmTC_b1db7/fast] Error 2

File /home/peter/Desktop/tello_driver/build/tello_driver/CMakeFiles/CMakeTmp/CheckSymbolExists.c:
/* */
#include <pthread.h>

int main(int argc, char** argv)
{
  (void)argv;
#ifndef pthread_create
  return ((int*)(&pthread_create))[argc];
#else
  (void)argc;
  return 0;
#endif
}

Determining if the function pthread_create exists in the pthreads failed with the following output:
Change Dir: /home/peter/Desktop/tello_driver/build/tello_driver/CMakeFiles/CMakeTmp

Run Build Command:"/usr/bin/make" "cmTC_c5bbd/fast"
/usr/bin/make -f CMakeFiles/cmTC_c5bbd.dir/build.make CMakeFiles/cmTC_c5bbd.dir/build
make[1]: Entering directory '/home/peter/Desktop/tello_driver/build/tello_driver/CMakeFiles/CMakeTmp'
Building C object CMakeFiles/cmTC_c5bbd.dir/CheckFunctionExists.c.o
/usr/bin/cc   -DCHECK_FUNCTION_EXISTS=pthread_create   -o CMakeFiles/cmTC_c5bbd.dir/CheckFunctionExists.c.o   -c /usr/share/cmake-3.10/Modules/CheckFunctionExists.c
Linking C executable cmTC_c5bbd
/usr/bin/cmake -E cmake_link_script CMakeFiles/cmTC_c5bbd.dir/link.txt --verbose=1
/usr/bin/cc  -DCHECK_FUNCTION_EXISTS=pthread_create    -rdynamic CMakeFiles/cmTC_c5bbd.dir/CheckFunctionExists.c.o  -o cmTC_c5bbd -lpthreads 
/usr/bin/ld: cannot find -lpthreads
collect2: error: ld returned 1 exit status
CMakeFiles/cmTC_c5bbd.dir/build.make:97: recipe for target 'cmTC_c5bbd' failed
make[1]: *** [cmTC_c5bbd] Error 1
make[1]: Leaving directory '/home/peter/Desktop/tello_driver/build/tello_driver/CMakeFiles/CMakeTmp'
Makefile:126: recipe for target 'cmTC_c5bbd/fast' failed
make: *** [cmTC_c5bbd/fast] Error 2


